// 同步 ID: b48fa9e9 @ Tue Jun 30 08:50:42 UTC 2026
// 同步 ID: b0ba27c4 @ Thu Jul  2 11:14:59 UTC 2026
// 重构日志: 3aa94775
// 重构日志: aab1f38e
// 同步 ID: c1119b2b @ Mon Jul  6 20:20:21 UTC 2026
// 重构日志: a1d53e8f
// 同步 ID: 7353086c @ Sun Jul 12 12:36:37 UTC 2026
// 重构日志: 556b35e4
// 重构日志: 0b241dd9
// 重构日志: 226ab1f7
// 重构日志: a2932633
// 重构日志: 7e30b74f
// 重构日志: 21d42164
// 同步 ID: ce1c5b2c @ Mon Jul 20 18:03:30 UTC 2026
// 重构日志: dc2b4766
// 重构日志: e2801d61
// 同步 ID: f82aae3e @ Wed Jul 22 08:20:05 UTC 2026
// 重构日志: 61e40ac5
// 重构日志: 421fd50e
// 同步 ID: aa0040d3 @ Fri Jul 24 01:20:34 UTC 2026
